Error:: (#1) Программа должна начинаться с Program
Error:: (#2) Нет обявленных переменных
Error:: (#3) Нет ;
Error:: (#4) Отсутствует Var
Error:: (#5) Нет переменных
Error:: (#6) Нет :
Error:: (#7) Данный тип не поддерживается
Error:: (#8) Не может быть числом
Error:: (#9) Нет присвоения
Error:: (#10) Скобка не закрыта
Error:: (#11) Данная переменная не определена
Error:: (#12) Не допустимый оператор
Error:: (#13) Двойной оператор
Error:: (#14) Нет вырожения после скобки или ;
Error:: (#15) Неизвестный оператор после if
Error:: (#16) Не закрыты оперраторные скобки
Error:: (#17) Если не APP и не скобка
Error:: (#18) Оператор else пуст
Error:: (#19) Отсутствует окончание программы
Error:: (#20) Не корректный конец файла
Error:: (#21) Некорректное объявление переменной
Error:: (#22) Логические операторы типа - and, xor, or должны стоять между двумя вырожениями
!!!!Внимание!!!! Ваша программа привысила допустимое колличество символов